Performing C++ SOURCE FILE Test COMPILER_SUPPORT_Wshorten64to32 failed with the following output:
Change Dir: /usr/include/Eigen_3.3.1/build/CMakeFiles/CMakeTmp

Run Build Command(s):/usr/bin/make -f Makefile cmTC_b5f12/fast && /usr/bin/make  -f CMakeFiles/cmTC_b5f12.dir/build.make CMakeFiles/cmTC_b5f12.dir/build
make[1]: Entering directory '/usr/include/Eigen_3.3.1/build/CMakeFiles/CMakeTmp'
Building CXX object CMakeFiles/cmTC_b5f12.dir/src.cxx.o
/usr/bin/c++ -DCOMPILER_SUPPORT_Wshorten64to32  -pedantic -Wall -Wextra -Wundef -Wcast-align -Wchar-subscripts -Wnon-virtual-dtor -Wunused-local-typedefs -Wpointer-arith -Wwrite-strings -Wformat-security -Werror   -Wshorten-64-to-32 -o CMakeFiles/cmTC_b5f12.dir/src.cxx.o -c /usr/include/Eigen_3.3.1/build/CMakeFiles/CMakeTmp/src.cxx
c++: error: unrecognized command line option '-Wshorten-64-to-32'
CMakeFiles/cmTC_b5f12.dir/build.make:77: recipe for target 'CMakeFiles/cmTC_b5f12.dir/src.cxx.o' failed
make[1]: *** [CMakeFiles/cmTC_b5f12.dir/src.cxx.o] Error 1
make[1]: Leaving directory '/usr/include/Eigen_3.3.1/build/CMakeFiles/CMakeTmp'
Makefile:127: recipe for target 'cmTC_b5f12/fast' failed
make: *** [cmTC_b5f12/fast] Error 2


Source file was:
int main() { return 0; }
Performing C++ SOURCE FILE Test COMPILER_SUPPORT_Wenumconversion failed with the following output:
Change Dir: /usr/include/Eigen_3.3.1/build/CMakeFiles/CMakeTmp

Run Build Command(s):/usr/bin/make -f Makefile cmTC_8d839/fast && /usr/bin/make  -f CMakeFiles/cmTC_8d839.dir/build.make CMakeFiles/cmTC_8d839.dir/build
make[1]: Entering directory '/usr/include/Eigen_3.3.1/build/CMakeFiles/CMakeTmp'
Building CXX object CMakeFiles/cmTC_8d839.dir/src.cxx.o
/usr/bin/c++ -DCOMPILER_SUPPORT_Wenumconversion  -pedantic -Wall -Wextra -Wundef -Wcast-align -Wchar-subscripts -Wnon-virtual-dtor -Wunused-local-typedefs -Wpointer-arith -Wwrite-strings -Wformat-security -Werror   -Wenum-conversion -o CMakeFiles/cmTC_8d839.dir/src.cxx.o -c /usr/include/Eigen_3.3.1/build/CMakeFiles/CMakeTmp/src.cxx
c++: error: unrecognized command line option '-Wenum-conversion'; did you mean '-Wno-conversion'?
CMakeFiles/cmTC_8d839.dir/build.make:77: recipe for target 'CMakeFiles/cmTC_8d839.dir/src.cxx.o' failed
make[1]: *** [CMakeFiles/cmTC_8d839.dir/src.cxx.o] Error 1
make[1]: Leaving directory '/usr/include/Eigen_3.3.1/build/CMakeFiles/CMakeTmp'
Makefile:127: recipe for target 'cmTC_8d839/fast' failed
make: *** [cmTC_8d839/fast] Error 2


Source file was:
int main() { return 0; }
Performing C++ SOURCE FILE Test COMPILER_SUPPORT_Wcpp11extensions failed with the following output:
Change Dir: /usr/include/Eigen_3.3.1/build/CMakeFiles/CMakeTmp

Run Build Command(s):/usr/bin/make -f Makefile cmTC_44162/fast && /usr/bin/make  -f CMakeFiles/cmTC_44162.dir/build.make CMakeFiles/cmTC_44162.dir/build
make[1]: Entering directory '/usr/include/Eigen_3.3.1/build/CMakeFiles/CMakeTmp'
Building CXX object CMakeFiles/cmTC_44162.dir/src.cxx.o
/usr/bin/c++ -DCOMPILER_SUPPORT_Wcpp11extensions  -pedantic -Wall -Wextra -Wundef -Wcast-align -Wchar-subscripts -Wnon-virtual-dtor -Wunused-local-typedefs -Wpointer-arith -Wwrite-strings -Wformat-security -Werror   -Wc++11-extensions -o CMakeFiles/cmTC_44162.dir/src.cxx.o -c /usr/include/Eigen_3.3.1/build/CMakeFiles/CMakeTmp/src.cxx
c++: error: unrecognized command line option '-Wc++11-extensions'; did you mean '-fms-extensions'?
CMakeFiles/cmTC_44162.dir/build.make:77: recipe for target 'CMakeFiles/cmTC_44162.dir/src.cxx.o' failed
make[1]: *** [CMakeFiles/cmTC_44162.dir/src.cxx.o] Error 1
make[1]: Leaving directory '/usr/include/Eigen_3.3.1/build/CMakeFiles/CMakeTmp'
Makefile:127: recipe for target 'cmTC_44162/fast' failed
make: *** [cmTC_44162/fast] Error 2


Source file was:
int main() { return 0; }
Performing C++ SOURCE FILE Test COMPILER_SUPPORT_wd981 failed with the following output:
Change Dir: /usr/include/Eigen_3.3.1/build/CMakeFiles/CMakeTmp

Run Build Command(s):/usr/bin/make -f Makefile cmTC_c0629/fast && /usr/bin/make  -f CMakeFiles/cmTC_c0629.dir/build.make CMakeFiles/cmTC_c0629.dir/build
make[1]: Entering directory '/usr/include/Eigen_3.3.1/build/CMakeFiles/CMakeTmp'
Building CXX object CMakeFiles/cmTC_c0629.dir/src.cxx.o
/usr/bin/c++ -DCOMPILER_SUPPORT_wd981  -pedantic -Wall -Wextra -Wundef -Wcast-align -Wchar-subscripts -Wnon-virtual-dtor -Wunused-local-typedefs -Wpointer-arith -Wwrite-strings -Wformat-security -Wno-psabi -Wno-variadic-macros -Wno-long-long -fno-check-new -fno-common -fstrict-aliasing -Werror   -wd981 -o CMakeFiles/cmTC_c0629.dir/src.cxx.o -c /usr/include/Eigen_3.3.1/build/CMakeFiles/CMakeTmp/src.cxx
c++: error: unrecognized command line option '-wd981'
CMakeFiles/cmTC_c0629.dir/build.make:77: recipe for target 'CMakeFiles/cmTC_c0629.dir/src.cxx.o' failed
make[1]: *** [CMakeFiles/cmTC_c0629.dir/src.cxx.o] Error 1
make[1]: Leaving directory '/usr/include/Eigen_3.3.1/build/CMakeFiles/CMakeTmp'
Makefile:127: recipe for target 'cmTC_c0629/fast' failed
make: *** [cmTC_c0629/fast] Error 2


Source file was:
int main() { return 0; }
Performing C++ SOURCE FILE Test COMPILER_SUPPORT_wd2304 failed with the following output:
Change Dir: /usr/include/Eigen_3.3.1/build/CMakeFiles/CMakeTmp

Run Build Command(s):/usr/bin/make -f Makefile cmTC_80efe/fast && /usr/bin/make  -f CMakeFiles/cmTC_80efe.dir/build.make CMakeFiles/cmTC_80efe.dir/build
make[1]: Entering directory '/usr/include/Eigen_3.3.1/build/CMakeFiles/CMakeTmp'
Building CXX object CMakeFiles/cmTC_80efe.dir/src.cxx.o
/usr/bin/c++ -DCOMPILER_SUPPORT_wd2304  -pedantic -Wall -Wextra -Wundef -Wcast-align -Wchar-subscripts -Wnon-virtual-dtor -Wunused-local-typedefs -Wpointer-arith -Wwrite-strings -Wformat-security -Wno-psabi -Wno-variadic-macros -Wno-long-long -fno-check-new -fno-common -fstrict-aliasing -Werror   -wd2304 -o CMakeFiles/cmTC_80efe.dir/src.cxx.o -c /usr/include/Eigen_3.3.1/build/CMakeFiles/CMakeTmp/src.cxx
c++: error: unrecognized command line option '-wd2304'
CMakeFiles/cmTC_80efe.dir/build.make:77: recipe for target 'CMakeFiles/cmTC_80efe.dir/src.cxx.o' failed
make[1]: *** [CMakeFiles/cmTC_80efe.dir/src.cxx.o] Error 1
make[1]: Leaving directory '/usr/include/Eigen_3.3.1/build/CMakeFiles/CMakeTmp'
Makefile:127: recipe for target 'cmTC_80efe/fast' failed
make: *** [cmTC_80efe/fast] Error 2


Source file was:
int main() { return 0; }
Performing C++ SOURCE FILE Test COMPILER_SUPPORT_STRICTANSI failed with the following output:
Change Dir: /usr/include/Eigen_3.3.1/build/CMakeFiles/CMakeTmp

Run Build Command(s):/usr/bin/make -f Makefile cmTC_dc146/fast && /usr/bin/make  -f CMakeFiles/cmTC_dc146.dir/build.make CMakeFiles/cmTC_dc146.dir/build
make[1]: Entering directory '/usr/include/Eigen_3.3.1/build/CMakeFiles/CMakeTmp'
Building CXX object CMakeFiles/cmTC_dc146.dir/src.cxx.o
/usr/bin/c++ -DCOMPILER_SUPPORT_STRICTANSI  -pedantic -Wall -Wextra -Wundef -Wcast-align -Wchar-subscripts -Wnon-virtual-dtor -Wunused-local-typedefs -Wpointer-arith -Wwrite-strings -Wformat-security -Wno-psabi -Wno-variadic-macros -Wno-long-long -fno-check-new -fno-common -fstrict-aliasing -Werror   -strict-ansi -o CMakeFiles/cmTC_dc146.dir/src.cxx.o -c /usr/include/Eigen_3.3.1/build/CMakeFiles/CMakeTmp/src.cxx
c++: error: unrecognized command line option '-strict-ansi'; did you mean '-fstrict-enums'?
CMakeFiles/cmTC_dc146.dir/build.make:77: recipe for target 'CMakeFiles/cmTC_dc146.dir/src.cxx.o' failed
make[1]: *** [CMakeFiles/cmTC_dc146.dir/src.cxx.o] Error 1
make[1]: Leaving directory '/usr/include/Eigen_3.3.1/build/CMakeFiles/CMakeTmp'
Makefile:127: recipe for target 'cmTC_dc146/fast' failed
make: *** [cmTC_dc146/fast] Error 2


Source file was:
int main() { return 0; }
Performing C++ SOURCE FILE Test COMPILER_SUPPORT_Qunusedarguments failed with the following output:
Change Dir: /usr/include/Eigen_3.3.1/build/CMakeFiles/CMakeTmp

Run Build Command(s):/usr/bin/make -f Makefile cmTC_47d77/fast && /usr/bin/make  -f CMakeFiles/cmTC_47d77.dir/build.make CMakeFiles/cmTC_47d77.dir/build
make[1]: Entering directory '/usr/include/Eigen_3.3.1/build/CMakeFiles/CMakeTmp'
Building CXX object CMakeFiles/cmTC_47d77.dir/src.cxx.o
/usr/bin/c++ -DCOMPILER_SUPPORT_Qunusedarguments  -pedantic -Wall -Wextra -Wundef -Wcast-align -Wchar-subscripts -Wnon-virtual-dtor -Wunused-local-typedefs -Wpointer-arith -Wwrite-strings -Wformat-security -Wno-psabi -Wno-variadic-macros -Wno-long-long -fno-check-new -fno-common -fstrict-aliasing -Werror   -Qunused-arguments -o CMakeFiles/cmTC_47d77.dir/src.cxx.o -c /usr/include/Eigen_3.3.1/build/CMakeFiles/CMakeTmp/src.cxx
c++: error: unrecognized command line option '-Qunused-arguments'; did you mean '-Wunused-parameter'?
CMakeFiles/cmTC_47d77.dir/build.make:77: recipe for target 'CMakeFiles/cmTC_47d77.dir/src.cxx.o' failed
make[1]: *** [CMakeFiles/cmTC_47d77.dir/src.cxx.o] Error 1
make[1]: Leaving directory '/usr/include/Eigen_3.3.1/build/CMakeFiles/CMakeTmp'
Makefile:127: recipe for target 'cmTC_47d77/fast' failed
make: *** [cmTC_47d77/fast] Error 2


Source file was:
int main() { return 0; }
Performing C SOURCE FILE Test CMAKE_HAVE_LIBC_PTHREAD failed with the following output:
Change Dir: /usr/include/Eigen_3.3.1/build/CMakeFiles/CMakeTmp

Run Build Command(s):/usr/bin/make -f Makefile cmTC_64732/fast && /usr/bin/make  -f CMakeFiles/cmTC_64732.dir/build.make CMakeFiles/cmTC_64732.dir/build
make[1]: Entering directory '/usr/include/Eigen_3.3.1/build/CMakeFiles/CMakeTmp'
Building C object CMakeFiles/cmTC_64732.dir/src.c.o
/usr/bin/cc -DCMAKE_HAVE_LIBC_PTHREAD   -o CMakeFiles/cmTC_64732.dir/src.c.o -c /usr/include/Eigen_3.3.1/build/CMakeFiles/CMakeTmp/src.c
Linking C executable cmTC_64732
/usr/local/bin/cmake -E cmake_link_script CMakeFiles/cmTC_64732.dir/link.txt --verbose=1
/usr/bin/cc -rdynamic CMakeFiles/cmTC_64732.dir/src.c.o -o cmTC_64732 
CMakeFiles/cmTC_64732.dir/src.c.o: In function `main':
src.c:(.text+0x3e): undefined reference to `pthread_create'
src.c:(.text+0x4a): undefined reference to `pthread_detach'
src.c:(.text+0x56): undefined reference to `pthread_cancel'
src.c:(.text+0x67): undefined reference to `pthread_join'
src.c:(.text+0x7b): undefined reference to `pthread_atfork'
collect2: error: ld returned 1 exit status
CMakeFiles/cmTC_64732.dir/build.make:98: recipe for target 'cmTC_64732' failed
make[1]: *** [cmTC_64732] Error 1
make[1]: Leaving directory '/usr/include/Eigen_3.3.1/build/CMakeFiles/CMakeTmp'
Makefile:127: recipe for target 'cmTC_64732/fast' failed
make: *** [cmTC_64732/fast] Error 2


Source file was:
#include <pthread.h>

static void* test_func(void* data)
{
  return data;
}

int main(void)
{
  pthread_t thread;
  pthread_create(&thread, NULL, test_func, NULL);
  pthread_detach(thread);
  pthread_cancel(thread);
  pthread_join(thread, NULL);
  pthread_atfork(NULL, NULL, NULL);
  pthread_exit(NULL);

  return 0;
}

Determining if the function pthread_create exists in the pthreads failed with the following output:
Change Dir: /usr/include/Eigen_3.3.1/build/CMakeFiles/CMakeTmp

Run Build Command(s):/usr/bin/make -f Makefile cmTC_c93cb/fast && /usr/bin/make  -f CMakeFiles/cmTC_c93cb.dir/build.make CMakeFiles/cmTC_c93cb.dir/build
make[1]: Entering directory '/usr/include/Eigen_3.3.1/build/CMakeFiles/CMakeTmp'
Building C object CMakeFiles/cmTC_c93cb.dir/CheckFunctionExists.c.o
/usr/bin/cc   -DCHECK_FUNCTION_EXISTS=pthread_create -o CMakeFiles/cmTC_c93cb.dir/CheckFunctionExists.c.o -c /usr/local/share/cmake-3.21/Modules/CheckFunctionExists.c
Linking C executable cmTC_c93cb
/usr/local/bin/cmake -E cmake_link_script CMakeFiles/cmTC_c93cb.dir/link.txt --verbose=1
/usr/bin/cc  -DCHECK_FUNCTION_EXISTS=pthread_create -rdynamic CMakeFiles/cmTC_c93cb.dir/CheckFunctionExists.c.o -o cmTC_c93cb  -lpthreads 
/usr/bin/ld: cannot find -lpthreads
collect2: error: ld returned 1 exit status
CMakeFiles/cmTC_c93cb.dir/build.make:98: recipe for target 'cmTC_c93cb' failed
make[1]: *** [cmTC_c93cb] Error 1
make[1]: Leaving directory '/usr/include/Eigen_3.3.1/build/CMakeFiles/CMakeTmp'
Makefile:127: recipe for target 'cmTC_c93cb/fast' failed
make: *** [cmTC_c93cb/fast] Error 2



